<?xml version="1.0" encoding="UTF-8"?>
<!DOCTYPE coverage SYSTEM "http://cobertura.sourceforge.net/xml/coverage-04.dtd">
<coverage line-rate="0.3457249" branch-rate="0" version="" timestamp="1751391317911" lines-covered="93" lines-valid="269" branches-covered="0" branches-valid="0" complexity="0">
  <sources>
    <source>/workspaces/k8s-controller</source>
  </sources>
  <packages>
    <package name="github.com/danteprivet/k8s-controller/cmd" line-rate="0.56842107" branch-rate="0" complexity="0">
      <classes>
        <class name="-" filename="cmd/go_basic.go" line-rate="1" branch-rate="0" complexity="0">
          <methods>
            <method name="init" signature="" line-rate="1" branch-rate="0" complexity="0">
              <lines>
                <line number="32" hits="1"></line>
                <line number="33" hits="1"></line>
                <line number="34" hits="1"></line>
              </lines>
            </method>
          </methods>
          <lines>
            <line number="32" hits="1"></line>
            <line number="33" hits="1"></line>
            <line number="34" hits="1"></line>
          </lines>
        </class>
        <class name="Kubernetes" filename="cmd/go_basic.go" line-rate="1" branch-rate="0" complexity="0">
          <methods>
            <method name="GetUsers" signature="" line-rate="1" branch-rate="0" complexity="0">
              <lines>
                <line number="44" hits="1"></line>
                <line number="45" hits="1"></line>
                <line number="46" hits="2"></line>
                <line number="47" hits="2"></line>
              </lines>
            </method>
            <method name="AddNewUser" signature="" line-rate="1" branch-rate="0" complexity="0">
              <lines>
                <line number="50" hits="1"></line>
                <line number="51" hits="1"></line>
                <line number="52" hits="1"></line>
              </lines>
            </method>
          </methods>
          <lines>
            <line number="44" hits="1"></line>
            <line number="45" hits="1"></line>
            <line number="46" hits="2"></line>
            <line number="47" hits="2"></line>
            <line number="50" hits="1"></line>
            <line number="51" hits="1"></line>
            <line number="52" hits="1"></line>
          </lines>
        </class>
        <class name="-" filename="cmd/list.go" line-rate="0.9" branch-rate="0" complexity="0">
          <methods>
            <method name="getKubeClient" signature="" line-rate="0.8333333" branch-rate="0" complexity="0">
              <lines>
                <line number="38" hits="1"></line>
                <line number="39" hits="1"></line>
                <line number="40" hits="1"></line>
                <line number="41" hits="1"></line>
                <line number="42" hits="1"></line>
                <line number="43" hits="0"></line>
              </lines>
            </method>
            <method name="init" signature="" line-rate="1" branch-rate="0" complexity="0">
              <lines>
                <line number="46" hits="1"></line>
                <line number="47" hits="1"></line>
                <line number="48" hits="1"></line>
                <line number="49" hits="1"></line>
              </lines>
            </method>
          </methods>
          <lines>
            <line number="38" hits="1"></line>
            <line number="39" hits="1"></line>
            <line number="40" hits="1"></line>
            <line number="41" hits="1"></line>
            <line number="42" hits="1"></line>
            <line number="43" hits="0"></line>
            <line number="46" hits="1"></line>
            <line number="47" hits="1"></line>
            <line number="48" hits="1"></line>
            <line number="49" hits="1"></line>
          </lines>
        </class>
        <class name="-" filename="cmd/root.go" line-rate="0.33333334" branch-rate="0" complexity="0">
          <methods>
            <method name="parseLogLevel" signature="" line-rate="1" branch-rate="0" complexity="0">
              <lines>
                <line number="40" hits="7"></line>
                <line number="41" hits="7"></line>
                <line number="42" hits="1"></line>
                <line number="43" hits="1"></line>
                <line number="44" hits="1"></line>
                <line number="45" hits="1"></line>
                <line number="46" hits="1"></line>
                <line number="47" hits="1"></line>
                <line number="48" hits="1"></line>
                <line number="49" hits="1"></line>
                <line number="50" hits="1"></line>
                <line number="51" hits="1"></line>
                <line number="52" hits="2"></line>
                <line number="53" hits="2"></line>
              </lines>
            </method>
            <method name="configureLogger" signature="" line-rate="0" branch-rate="0" complexity="0">
              <lines>
                <line number="58" hits="0"></line>
                <line number="59" hits="0"></line>
                <line number="60" hits="0"></line>
                <line number="61" hits="0"></line>
                <line number="62" hits="0"></line>
                <line number="63" hits="0"></line>
                <line number="64" hits="0"></line>
                <line number="65" hits="0"></line>
                <line number="66" hits="0"></line>
                <line number="67" hits="0"></line>
                <line number="68" hits="0"></line>
                <line number="69" hits="0"></line>
                <line number="70" hits="0"></line>
                <line number="71" hits="0"></line>
                <line number="72" hits="0"></line>
                <line number="73" hits="0"></line>
                <line number="74" hits="0"></line>
                <line number="75" hits="0"></line>
                <line number="76" hits="0"></line>
                <line number="77" hits="0"></line>
                <line number="78" hits="0"></line>
                <line number="79" hits="0"></line>
                <line number="80" hits="0"></line>
                <line number="81" hits="0"></line>
                <line number="82" hits="0"></line>
                <line number="83" hits="0"></line>
                <line number="84" hits="0"></line>
                <line number="85" hits="0"></line>
                <line number="86" hits="0"></line>
                <line number="87" hits="0"></line>
                <line number="88" hits="0"></line>
              </lines>
            </method>
            <method name="Execute" signature="" line-rate="0" branch-rate="0" complexity="0">
              <lines>
                <line number="91" hits="0"></line>
                <line number="92" hits="0"></line>
                <line number="93" hits="0"></line>
                <line number="94" hits="0"></line>
                <line number="95" hits="0"></line>
              </lines>
            </method>
            <method name="init" signature="" line-rate="1" branch-rate="0" complexity="0">
              <lines>
                <line number="98" hits="1"></line>
                <line number="99" hits="1"></line>
                <line number="100" hits="1"></line>
                <line number="101" hits="1"></line>
              </lines>
            </method>
          </methods>
          <lines>
            <line number="40" hits="7"></line>
            <line number="41" hits="7"></line>
            <line number="42" hits="1"></line>
            <line number="43" hits="1"></line>
            <line number="44" hits="1"></line>
            <line number="45" hits="1"></line>
            <line number="46" hits="1"></line>
            <line number="47" hits="1"></line>
            <line number="48" hits="1"></line>
            <line number="49" hits="1"></line>
            <line number="50" hits="1"></line>
            <line number="51" hits="1"></line>
            <line number="52" hits="2"></line>
            <line number="53" hits="2"></line>
            <line number="58" hits="0"></line>
            <line number="59" hits="0"></line>
            <line number="60" hits="0"></line>
            <line number="61" hits="0"></line>
            <line number="62" hits="0"></line>
            <line number="63" hits="0"></line>
            <line number="64" hits="0"></line>
            <line number="65" hits="0"></line>
            <line number="66" hits="0"></line>
            <line number="67" hits="0"></line>
            <line number="68" hits="0"></line>
            <line number="69" hits="0"></line>
            <line number="70" hits="0"></line>
            <line number="71" hits="0"></line>
            <line number="72" hits="0"></line>
            <line number="73" hits="0"></line>
            <line number="74" hits="0"></line>
            <line number="75" hits="0"></line>
            <line number="76" hits="0"></line>
            <line number="77" hits="0"></line>
            <line number="78" hits="0"></line>
            <line number="79" hits="0"></line>
            <line number="80" hits="0"></line>
            <line number="81" hits="0"></line>
            <line number="82" hits="0"></line>
            <line number="83" hits="0"></line>
            <line number="84" hits="0"></line>
            <line number="85" hits="0"></line>
            <line number="86" hits="0"></line>
            <line number="87" hits="0"></line>
            <line number="88" hits="0"></line>
            <line number="91" hits="0"></line>
            <line number="92" hits="0"></line>
            <line number="93" hits="0"></line>
            <line number="94" hits="0"></line>
            <line number="95" hits="0"></line>
            <line number="98" hits="1"></line>
            <line number="99" hits="1"></line>
            <line number="100" hits="1"></line>
            <line number="101" hits="1"></line>
          </lines>
        </class>
        <class name="-" filename="cmd/server.go" line-rate="0.8095238" branch-rate="0" complexity="0">
          <methods>
            <method name="getServerKubeClient" signature="" line-rate="0.6666667" branch-rate="0" complexity="0">
              <lines>
                <line number="102" hits="1"></line>
                <line number="103" hits="1"></line>
                <line number="104" hits="1"></line>
                <line number="105" hits="0"></line>
                <line number="106" hits="0"></line>
                <line number="107" hits="0"></line>
                <line number="108" hits="1"></line>
                <line number="109" hits="1"></line>
                <line number="110" hits="1"></line>
                <line number="111" hits="1"></line>
                <line number="112" hits="1"></line>
                <line number="113" hits="0"></line>
              </lines>
            </method>
            <method name="init" signature="" line-rate="1" branch-rate="0" complexity="0">
              <lines>
                <line number="116" hits="1"></line>
                <line number="117" hits="1"></line>
                <line number="118" hits="1"></line>
                <line number="119" hits="1"></line>
                <line number="120" hits="1"></line>
                <line number="121" hits="1"></line>
                <line number="122" hits="1"></line>
                <line number="123" hits="1"></line>
                <line number="124" hits="1"></line>
              </lines>
            </method>
          </methods>
          <lines>
            <line number="102" hits="1"></line>
            <line number="103" hits="1"></line>
            <line number="104" hits="1"></line>
            <line number="105" hits="0"></line>
            <line number="106" hits="0"></line>
            <line number="107" hits="0"></line>
            <line number="108" hits="1"></line>
            <line number="109" hits="1"></line>
            <line number="110" hits="1"></line>
            <line number="111" hits="1"></line>
            <line number="112" hits="1"></line>
            <line number="113" hits="0"></line>
            <line number="116" hits="1"></line>
            <line number="117" hits="1"></line>
            <line number="118" hits="1"></line>
            <line number="119" hits="1"></line>
            <line number="120" hits="1"></line>
            <line number="121" hits="1"></line>
            <line number="122" hits="1"></line>
            <line number="123" hits="1"></line>
            <line number="124" hits="1"></line>
          </lines>
        </class>
      </classes>
    </package>
    <package name="github.com/danteprivet/k8s-controller" line-rate="0" branch-rate="0" complexity="0">
      <classes>
        <class name="-" filename="main.go" line-rate="0" branch-rate="0" complexity="0">
          <methods>
            <method name="main" signature="" line-rate="0" branch-rate="0" complexity="0">
              <lines>
                <line number="8" hits="0"></line>
                <line number="9" hits="0"></line>
                <line number="10" hits="0"></line>
              </lines>
            </method>
          </methods>
          <lines>
            <line number="8" hits="0"></line>
            <line number="9" hits="0"></line>
            <line number="10" hits="0"></line>
          </lines>
        </class>
      </classes>
    </package>
    <package name="github.com/danteprivet/k8s-controller/pkg/ctrl" line-rate="1" branch-rate="0" complexity="0">
      <classes>
        <class name="DeploymentReconciler" filename="pkg/ctrl/deployment_controller.go" line-rate="1" branch-rate="0" complexity="0">
          <methods>
            <method name="Reconcile" signature="" line-rate="1" branch-rate="0" complexity="0">
              <lines>
                <line number="20" hits="1"></line>
                <line number="21" hits="1"></line>
                <line number="22" hits="1"></line>
                <line number="23" hits="1"></line>
              </lines>
            </method>
          </methods>
          <lines>
            <line number="20" hits="1"></line>
            <line number="21" hits="1"></line>
            <line number="22" hits="1"></line>
            <line number="23" hits="1"></line>
          </lines>
        </class>
        <class name="-" filename="pkg/ctrl/deployment_controller.go" line-rate="1" branch-rate="0" complexity="0">
          <methods>
            <method name="AddDeploymentController" signature="" line-rate="1" branch-rate="0" complexity="0">
              <lines>
                <line number="25" hits="1"></line>
                <line number="26" hits="1"></line>
                <line number="27" hits="1"></line>
                <line number="28" hits="1"></line>
                <line number="29" hits="1"></line>
                <line number="30" hits="1"></line>
                <line number="31" hits="1"></line>
                <line number="32" hits="1"></line>
                <line number="33" hits="1"></line>
                <line number="34" hits="1"></line>
              </lines>
            </method>
          </methods>
          <lines>
            <line number="25" hits="1"></line>
            <line number="26" hits="1"></line>
            <line number="27" hits="1"></line>
            <line number="28" hits="1"></line>
            <line number="29" hits="1"></line>
            <line number="30" hits="1"></line>
            <line number="31" hits="1"></line>
            <line number="32" hits="1"></line>
            <line number="33" hits="1"></line>
            <line number="34" hits="1"></line>
          </lines>
        </class>
      </classes>
    </package>
    <package name="github.com/danteprivet/k8s-controller/pkg/informer" line-rate="0.54545456" branch-rate="0" complexity="0">
      <classes>
        <class name="-" filename="pkg/informer/informer.go" line-rate="0.54545456" branch-rate="0" complexity="0">
          <methods>
            <method name="StartDeploymentInformer" signature="" line-rate="0.6551724" branch-rate="0" complexity="0">
              <lines>
                <line number="19" hits="1"></line>
                <line number="20" hits="1"></line>
                <line number="21" hits="1"></line>
                <line number="22" hits="1"></line>
                <line number="23" hits="1"></line>
                <line number="24" hits="1"></line>
                <line number="25" hits="2"></line>
                <line number="26" hits="2"></line>
                <line number="28" hits="1"></line>
                <line number="29" hits="1"></line>
                <line number="30" hits="1"></line>
                <line number="31" hits="1"></line>
                <line number="32" hits="2"></line>
                <line number="33" hits="2"></line>
                <line number="34" hits="0"></line>
                <line number="35" hits="0"></line>
                <line number="36" hits="0"></line>
                <line number="37" hits="0"></line>
                <line number="38" hits="0"></line>
                <line number="39" hits="0"></line>
                <line number="42" hits="1"></line>
                <line number="43" hits="1"></line>
                <line number="44" hits="1"></line>
                <line number="45" hits="0"></line>
                <line number="46" hits="0"></line>
                <line number="47" hits="0"></line>
                <line number="48" hits="0"></line>
                <line number="50" hits="1"></line>
                <line number="51" hits="1"></line>
              </lines>
            </method>
            <method name="GetDeploymentNames" signature="" line-rate="0" branch-rate="0" complexity="0">
              <lines>
                <line number="54" hits="0"></line>
                <line number="55" hits="0"></line>
                <line number="56" hits="0"></line>
                <line number="57" hits="0"></line>
                <line number="58" hits="0"></line>
                <line number="59" hits="0"></line>
                <line number="60" hits="0"></line>
                <line number="61" hits="0"></line>
                <line number="62" hits="0"></line>
                <line number="64" hits="0"></line>
              </lines>
            </method>
            <method name="getDeploymentName" signature="" line-rate="1" branch-rate="0" complexity="0">
              <lines>
                <line number="67" hits="4"></line>
                <line number="68" hits="3"></line>
                <line number="69" hits="3"></line>
                <line number="70" hits="3"></line>
                <line number="71" hits="1"></line>
              </lines>
            </method>
          </methods>
          <lines>
            <line number="19" hits="1"></line>
            <line number="20" hits="1"></line>
            <line number="21" hits="1"></line>
            <line number="22" hits="1"></line>
            <line number="23" hits="1"></line>
            <line number="24" hits="1"></line>
            <line number="25" hits="2"></line>
            <line number="26" hits="2"></line>
            <line number="28" hits="1"></line>
            <line number="29" hits="1"></line>
            <line number="30" hits="1"></line>
            <line number="31" hits="1"></line>
            <line number="32" hits="2"></line>
            <line number="33" hits="2"></line>
            <line number="34" hits="0"></line>
            <line number="35" hits="0"></line>
            <line number="36" hits="0"></line>
            <line number="37" hits="0"></line>
            <line number="38" hits="0"></line>
            <line number="39" hits="0"></line>
            <line number="42" hits="1"></line>
            <line number="43" hits="1"></line>
            <line number="44" hits="1"></line>
            <line number="45" hits="0"></line>
            <line number="46" hits="0"></line>
            <line number="47" hits="0"></line>
            <line number="48" hits="0"></line>
            <line number="50" hits="1"></line>
            <line number="51" hits="1"></line>
            <line number="54" hits="0"></line>
            <line number="55" hits="0"></line>
            <line number="56" hits="0"></line>
            <line number="57" hits="0"></line>
            <line number="58" hits="0"></line>
            <line number="59" hits="0"></line>
            <line number="60" hits="0"></line>
            <line number="61" hits="0"></line>
            <line number="62" hits="0"></line>
            <line number="64" hits="0"></line>
            <line number="67" hits="4"></line>
            <line number="68" hits="3"></line>
            <line number="69" hits="3"></line>
            <line number="70" hits="3"></line>
            <line number="71" hits="1"></line>
          </lines>
        </class>
      </classes>
    </package>
    <package name="github.com/danteprivet/k8s-controller/pkg/testutil" line-rate="0.0088495575" branch-rate="0" complexity="0">
      <classes>
        <class name="-" filename="pkg/testutil/envtest.go" line-rate="0.0088495575" branch-rate="0" complexity="0">
          <methods>
            <method name="StartTestManager" signature="" line-rate="0" branch-rate="0" complexity="0">
              <lines>
                <line number="23" hits="0"></line>
                <line number="24" hits="0"></line>
                <line number="25" hits="0"></line>
                <line number="26" hits="0"></line>
                <line number="27" hits="0"></line>
                <line number="28" hits="0"></line>
                <line number="29" hits="0"></line>
                <line number="30" hits="0"></line>
                <line number="31" hits="0"></line>
                <line number="32" hits="0"></line>
                <line number="33" hits="0"></line>
                <line number="34" hits="0"></line>
                <line number="35" hits="0"></line>
                <line number="36" hits="0"></line>
                <line number="37" hits="0"></line>
                <line number="38" hits="0"></line>
                <line number="39" hits="0"></line>
                <line number="40" hits="0"></line>
                <line number="41" hits="0"></line>
                <line number="42" hits="0"></line>
                <line number="43" hits="0"></line>
                <line number="44" hits="0"></line>
                <line number="45" hits="0"></line>
                <line number="46" hits="0"></line>
                <line number="47" hits="0"></line>
                <line number="50" hits="0"></line>
                <line number="51" hits="0"></line>
                <line number="52" hits="0"></line>
                <line number="53" hits="0"></line>
                <line number="54" hits="0"></line>
                <line number="57" hits="0"></line>
                <line number="58" hits="0"></line>
                <line number="59" hits="0"></line>
                <line number="60" hits="0"></line>
                <line number="61" hits="0"></line>
                <line number="62" hits="0"></line>
                <line number="63" hits="0"></line>
                <line number="64" hits="0"></line>
                <line number="65" hits="0"></line>
                <line number="67" hits="0"></line>
                <line number="68" hits="0"></line>
                <line number="69" hits="0"></line>
                <line number="70" hits="0"></line>
                <line number="71" hits="0"></line>
                <line number="72" hits="0"></line>
                <line number="73" hits="0"></line>
              </lines>
            </method>
            <method name="SetupEnv" signature="" line-rate="0" branch-rate="0" complexity="0">
              <lines>
                <line number="77" hits="0"></line>
                <line number="78" hits="0"></line>
                <line number="79" hits="0"></line>
                <line number="80" hits="0"></line>
                <line number="81" hits="0"></line>
                <line number="82" hits="0"></line>
                <line number="83" hits="0"></line>
                <line number="84" hits="0"></line>
                <line number="85" hits="0"></line>
                <line number="86" hits="0"></line>
                <line number="87" hits="0"></line>
                <line number="88" hits="0"></line>
                <line number="89" hits="0"></line>
                <line number="90" hits="0"></line>
                <line number="91" hits="0"></line>
                <line number="92" hits="0"></line>
                <line number="93" hits="0"></line>
                <line number="94" hits="0"></line>
                <line number="95" hits="0"></line>
                <line number="96" hits="0"></line>
                <line number="97" hits="0"></line>
                <line number="98" hits="0"></line>
                <line number="99" hits="0"></line>
                <line number="100" hits="0"></line>
                <line number="101" hits="0"></line>
                <line number="102" hits="0"></line>
                <line number="103" hits="0"></line>
                <line number="104" hits="0"></line>
                <line number="105" hits="0"></line>
                <line number="106" hits="0"></line>
                <line number="107" hits="0"></line>
                <line number="110" hits="0"></line>
                <line number="111" hits="0"></line>
                <line number="112" hits="0"></line>
                <line number="113" hits="0"></line>
                <line number="114" hits="0"></line>
                <line number="117" hits="0"></line>
                <line number="118" hits="0"></line>
                <line number="119" hits="0"></line>
                <line number="120" hits="0"></line>
                <line number="121" hits="0"></line>
                <line number="122" hits="0"></line>
                <line number="123" hits="0"></line>
                <line number="124" hits="0"></line>
                <line number="125" hits="0"></line>
                <line number="126" hits="0"></line>
                <line number="127" hits="0"></line>
                <line number="128" hits="0"></line>
                <line number="129" hits="0"></line>
                <line number="130" hits="0"></line>
                <line number="131" hits="0"></line>
                <line number="132" hits="0"></line>
                <line number="133" hits="0"></line>
                <line number="134" hits="0"></line>
                <line number="135" hits="0"></line>
                <line number="136" hits="0"></line>
                <line number="137" hits="0"></line>
                <line number="138" hits="0"></line>
                <line number="139" hits="0"></line>
                <line number="140" hits="0"></line>
                <line number="141" hits="0"></line>
                <line number="142" hits="0"></line>
                <line number="144" hits="0"></line>
                <line number="145" hits="0"></line>
                <line number="146" hits="0"></line>
                <line number="147" hits="0"></line>
              </lines>
            </method>
            <method name="int32Ptr" signature="" line-rate="1" branch-rate="0" complexity="0">
              <lines>
                <line number="150" hits="1"></line>
              </lines>
            </method>
          </methods>
          <lines>
            <line number="23" hits="0"></line>
            <line number="24" hits="0"></line>
            <line number="25" hits="0"></line>
            <line number="26" hits="0"></line>
            <line number="27" hits="0"></line>
            <line number="28" hits="0"></line>
            <line number="29" hits="0"></line>
            <line number="30" hits="0"></line>
            <line number="31" hits="0"></line>
            <line number="32" hits="0"></line>
            <line number="33" hits="0"></line>
            <line number="34" hits="0"></line>
            <line number="35" hits="0"></line>
            <line number="36" hits="0"></line>
            <line number="37" hits="0"></line>
            <line number="38" hits="0"></line>
            <line number="39" hits="0"></line>
            <line number="40" hits="0"></line>
            <line number="41" hits="0"></line>
            <line number="42" hits="0"></line>
            <line number="43" hits="0"></line>
            <line number="44" hits="0"></line>
            <line number="45" hits="0"></line>
            <line number="46" hits="0"></line>
            <line number="47" hits="0"></line>
            <line number="50" hits="0"></line>
            <line number="51" hits="0"></line>
            <line number="52" hits="0"></line>
            <line number="53" hits="0"></line>
            <line number="54" hits="0"></line>
            <line number="57" hits="0"></line>
            <line number="58" hits="0"></line>
            <line number="59" hits="0"></line>
            <line number="60" hits="0"></line>
            <line number="61" hits="0"></line>
            <line number="62" hits="0"></line>
            <line number="63" hits="0"></line>
            <line number="64" hits="0"></line>
            <line number="65" hits="0"></line>
            <line number="67" hits="0"></line>
            <line number="68" hits="0"></line>
            <line number="69" hits="0"></line>
            <line number="70" hits="0"></line>
            <line number="71" hits="0"></line>
            <line number="72" hits="0"></line>
            <line number="73" hits="0"></line>
            <line number="77" hits="0"></line>
            <line number="78" hits="0"></line>
            <line number="79" hits="0"></line>
            <line number="80" hits="0"></line>
            <line number="81" hits="0"></line>
            <line number="82" hits="0"></line>
            <line number="83" hits="0"></line>
            <line number="84" hits="0"></line>
            <line number="85" hits="0"></line>
            <line number="86" hits="0"></line>
            <line number="87" hits="0"></line>
            <line number="88" hits="0"></line>
            <line number="89" hits="0"></line>
            <line number="90" hits="0"></line>
            <line number="91" hits="0"></line>
            <line number="92" hits="0"></line>
            <line number="93" hits="0"></line>
            <line number="94" hits="0"></line>
            <line number="95" hits="0"></line>
            <line number="96" hits="0"></line>
            <line number="97" hits="0"></line>
            <line number="98" hits="0"></line>
            <line number="99" hits="0"></line>
            <line number="100" hits="0"></line>
            <line number="101" hits="0"></line>
            <line number="102" hits="0"></line>
            <line number="103" hits="0"></line>
            <line number="104" hits="0"></line>
            <line number="105" hits="0"></line>
            <line number="106" hits="0"></line>
            <line number="107" hits="0"></line>
            <line number="110" hits="0"></line>
            <line number="111" hits="0"></line>
            <line number="112" hits="0"></line>
            <line number="113" hits="0"></line>
            <line number="114" hits="0"></line>
            <line number="117" hits="0"></line>
            <line number="118" hits="0"></line>
            <line number="119" hits="0"></line>
            <line number="120" hits="0"></line>
            <line number="121" hits="0"></line>
            <line number="122" hits="0"></line>
            <line number="123" hits="0"></line>
            <line number="124" hits="0"></line>
            <line number="125" hits="0"></line>
            <line number="126" hits="0"></line>
            <line number="127" hits="0"></line>
            <line number="128" hits="0"></line>
            <line number="129" hits="0"></line>
            <line number="130" hits="0"></line>
            <line number="131" hits="0"></line>
            <line number="132" hits="0"></line>
            <line number="133" hits="0"></line>
            <line number="134" hits="0"></line>
            <line number="135" hits="0"></line>
            <line number="136" hits="0"></line>
            <line number="137" hits="0"></line>
            <line number="138" hits="0"></line>
            <line number="139" hits="0"></line>
            <line number="140" hits="0"></line>
            <line number="141" hits="0"></line>
            <line number="142" hits="0"></line>
            <line number="144" hits="0"></line>
            <line number="145" hits="0"></line>
            <line number="146" hits="0"></line>
            <line number="147" hits="0"></line>
            <line number="150" hits="1"></line>
          </lines>
        </class>
      </classes>
    </package>
  </packages>
</coverage>
